2025-02-26 21:34:14,740 INFO: Application initialized successfully [in C:\Users\ADMIN\AquaAutoManS\backend\app\__init__.py:100]
2025-02-26 21:34:15,056 INFO: Application startup at 2025-02-26 21:34:15.056882 [in C:\Users\ADMIN\AquaAutoManS\backend\app\utils\custom_logger.py:37]
2025-02-26 21:34:15,056 - app - INFO - Application startup at 2025-02-26 21:34:15.056882
2025-02-26 21:34:17,783 INFO: Application initialized successfully [in C:\Users\ADMIN\AquaAutoManS\backend\app\__init__.py:100]
2025-02-26 21:34:18,034 INFO: Application startup at 2025-02-26 21:34:18.034854 [in C:\Users\ADMIN\AquaAutoManS\backend\app\utils\custom_logger.py:37]
2025-02-26 21:34:18,034 - app - INFO - Application startup at 2025-02-26 21:34:18.034854
2025-02-26 21:34:21,281 INFO: Request 1740548061.280656 completed in 0.00s [in C:\Users\ADMIN\AquaAutoManS\backend\app\utils\middleware.py:34]
2025-02-26 21:34:21,281 - app - INFO - Request 1740548061.280656 completed in 0.00s
2025-02-26 21:34:21,287 INFO: Request 1740548061.285643 completed in 0.00s [in C:\Users\ADMIN\AquaAutoManS\backend\app\utils\middleware.py:34]
2025-02-26 21:34:21,287 - app - INFO - Request 1740548061.285643 completed in 0.00s
2025-02-26 21:34:29,639 INFO: Request 1740548069.638113 completed in 0.00s [in C:\Users\ADMIN\AquaAutoManS\backend\app\utils\middleware.py:34]
2025-02-26 21:34:29,639 - app - INFO - Request 1740548069.638113 completed in 0.00s
2025-02-26 21:34:29,650 INFO: Request 1740548069.64908 completed in 0.00s [in C:\Users\ADMIN\AquaAutoManS\backend\app\utils\middleware.py:34]
2025-02-26 21:34:29,650 - app - INFO - Request 1740548069.64908 completed in 0.00s
2025-02-26 21:34:33,309 INFO: Request 1740548073.308782 completed in 0.00s [in C:\Users\ADMIN\AquaAutoManS\backend\app\utils\middleware.py:34]
2025-02-26 21:34:33,309 - app - INFO - Request 1740548073.308782 completed in 0.00s
2025-02-26 21:34:48,842 INFO: Request 1740548088.83923 completed in 0.00s [in C:\Users\ADMIN\AquaAutoManS\backend\app\utils\middleware.py:34]
2025-02-26 21:34:48,842 - app - INFO - Request 1740548088.83923 completed in 0.00s
2025-02-26 21:34:53,259 INFO: Request 1740548093.254695 completed in 0.01s [in C:\Users\ADMIN\AquaAutoManS\backend\app\utils\middleware.py:34]
2025-02-26 21:34:53,259 - app - INFO - Request 1740548093.254695 completed in 0.01s
2025-02-26 21:34:53,267 INFO: Request 1740548093.266668 completed in 0.00s [in C:\Users\ADMIN\AquaAutoManS\backend\app\utils\middleware.py:34]
2025-02-26 21:34:53,267 - app - INFO - Request 1740548093.266668 completed in 0.00s
2025-02-26 21:35:53,972 INFO: Request 1740548153.971844 completed in 0.00s [in C:\Users\ADMIN\AquaAutoManS\backend\app\utils\middleware.py:34]
2025-02-26 21:35:53,972 - app - INFO - Request 1740548153.971844 completed in 0.00s
2025-02-26 21:36:53,255 INFO: Request 1740548213.254877 completed in 0.00s [in C:\Users\ADMIN\AquaAutoManS\backend\app\utils\middleware.py:34]
2025-02-26 21:36:53,255 - app - INFO - Request 1740548213.254877 completed in 0.00s
2025-02-26 21:37:53,258 INFO: Request 1740548273.256819 completed in 0.00s [in C:\Users\ADMIN\AquaAutoManS\backend\app\utils\middleware.py:34]
2025-02-26 21:37:53,258 - app - INFO - Request 1740548273.256819 completed in 0.00s
2025-02-26 21:38:53,256 INFO: Request 1740548333.255096 completed in 0.00s [in C:\Users\ADMIN\AquaAutoManS\backend\app\utils\middleware.py:34]
2025-02-26 21:38:53,256 - app - INFO - Request 1740548333.255096 completed in 0.00s
2025-02-26 21:39:53,972 INFO: Request 1740548393.971592 completed in 0.00s [in C:\Users\ADMIN\AquaAutoManS\backend\app\utils\middleware.py:34]
2025-02-26 21:39:53,972 - app - INFO - Request 1740548393.971592 completed in 0.00s
2025-02-26 21:40:53,262 INFO: Request 1740548453.260055 completed in 0.00s [in C:\Users\ADMIN\AquaAutoManS\backend\app\utils\middleware.py:34]
2025-02-26 21:40:53,262 - app - INFO - Request 1740548453.260055 completed in 0.00s
2025-02-26 21:41:53,965 INFO: Request 1740548513.964994 completed in 0.00s [in C:\Users\ADMIN\AquaAutoManS\backend\app\utils\middleware.py:34]
2025-02-26 21:41:53,965 - app - INFO - Request 1740548513.964994 completed in 0.00s
2025-02-26 21:42:14,232 INFO: Application initialized successfully [in C:\Users\ADMIN\AquaAutoManS\backend\app\__init__.py:100]
2025-02-26 21:42:14,560 INFO: Application startup at 2025-02-26 21:42:14.560596 [in C:\Users\ADMIN\AquaAutoManS\backend\app\utils\custom_logger.py:37]
2025-02-26 21:42:14,560 - app - INFO - Application startup at 2025-02-26 21:42:14.560596
2025-02-26 21:42:18,479 INFO: Application initialized successfully [in C:\Users\ADMIN\AquaAutoManS\backend\app\__init__.py:100]
2025-02-26 21:42:18,761 INFO: Application startup at 2025-02-26 21:42:18.761130 [in C:\Users\ADMIN\AquaAutoManS\backend\app\utils\custom_logger.py:37]
2025-02-26 21:42:18,761 - app - INFO - Application startup at 2025-02-26 21:42:18.761130
2025-02-26 21:42:24,989 INFO: Application initialized successfully [in C:\Users\ADMIN\AquaAutoManS\backend\app\__init__.py:100]
2025-02-26 21:42:25,325 INFO: Application startup at 2025-02-26 21:42:25.325474 [in C:\Users\ADMIN\AquaAutoManS\backend\app\utils\custom_logger.py:37]
2025-02-26 21:42:25,325 - app - INFO - Application startup at 2025-02-26 21:42:25.325474
2025-02-26 21:42:53,638 INFO: Request 1740548573.637436 completed in 0.00s [in C:\Users\ADMIN\AquaAutoManS\backend\app\utils\middleware.py:34]
2025-02-26 21:42:53,638 - app - INFO - Request 1740548573.637436 completed in 0.00s
2025-02-26 21:42:55,493 INFO: Request 1740548575.490886 completed in 0.00s [in C:\Users\ADMIN\AquaAutoManS\backend\app\utils\middleware.py:34]
2025-02-26 21:42:55,493 - app - INFO - Request 1740548575.490886 completed in 0.00s
2025-02-26 21:42:55,502 INFO: Request 1740548575.501857 completed in 0.00s [in C:\Users\ADMIN\AquaAutoManS\backend\app\utils\middleware.py:34]
2025-02-26 21:42:55,502 - app - INFO - Request 1740548575.501857 completed in 0.00s
2025-02-26 21:42:58,032 INFO: Request 1740548578.029831 completed in 0.00s [in C:\Users\ADMIN\AquaAutoManS\backend\app\utils\middleware.py:34]
2025-02-26 21:42:58,032 - app - INFO - Request 1740548578.029831 completed in 0.00s
2025-02-26 21:43:07,072 INFO: Request 1740548582.108691 completed in 4.96s [in C:\Users\ADMIN\AquaAutoManS\backend\app\utils\middleware.py:34]
2025-02-26 21:43:07,072 - app - INFO - Request 1740548582.108691 completed in 4.96s
2025-02-26 21:43:24,543 INFO: Request 1740548587.07571 completed in 17.47s [in C:\Users\ADMIN\AquaAutoManS\backend\app\utils\middleware.py:34]
2025-02-26 21:43:24,543 - app - INFO - Request 1740548587.07571 completed in 17.47s
2025-02-26 21:43:24,599 INFO: Request 1740548604.555803 completed in 0.04s [in C:\Users\ADMIN\AquaAutoManS\backend\app\utils\middleware.py:34]
2025-02-26 21:43:24,599 - app - INFO - Request 1740548604.555803 completed in 0.04s
2025-02-26 21:43:29,345 INFO: Request 1740548604.612526 completed in 4.73s [in C:\Users\ADMIN\AquaAutoManS\backend\app\utils\middleware.py:34]
2025-02-26 21:43:29,345 - app - INFO - Request 1740548604.612526 completed in 4.73s
2025-02-26 21:43:34,124 INFO: Request 1740548609.348047 completed in 4.78s [in C:\Users\ADMIN\AquaAutoManS\backend\app\utils\middleware.py:34]
2025-02-26 21:43:34,124 - app - INFO - Request 1740548609.348047 completed in 4.78s
2025-02-26 21:43:38,950 INFO: Request 1740548614.126321 completed in 4.82s [in C:\Users\ADMIN\AquaAutoManS\backend\app\utils\middleware.py:34]
2025-02-26 21:43:38,950 - app - INFO - Request 1740548614.126321 completed in 4.82s
2025-02-26 21:43:38,954 INFO: Request 1740548618.953481 completed in 0.00s [in C:\Users\ADMIN\AquaAutoManS\backend\app\utils\middleware.py:34]
2025-02-26 21:43:38,954 - app - INFO - Request 1740548618.953481 completed in 0.00s
2025-02-26 21:43:43,713 INFO: Request 1740548618.961454 completed in 4.75s [in C:\Users\ADMIN\AquaAutoManS\backend\app\utils\middleware.py:34]
2025-02-26 21:43:43,713 - app - INFO - Request 1740548618.961454 completed in 4.75s
2025-02-26 21:43:43,726 INFO: Request 1740548623.716074 completed in 0.01s [in C:\Users\ADMIN\AquaAutoManS\backend\app\utils\middleware.py:34]
2025-02-26 21:43:43,726 - app - INFO - Request 1740548623.716074 completed in 0.01s
2025-02-26 21:43:43,736 INFO: Request 1740548623.735023 completed in 0.00s [in C:\Users\ADMIN\AquaAutoManS\backend\app\utils\middleware.py:34]
2025-02-26 21:43:43,736 - app - INFO - Request 1740548623.735023 completed in 0.00s
2025-02-26 21:43:43,738 INFO: Request 1740548623.738016 completed in 0.00s [in C:\Users\ADMIN\AquaAutoManS\backend\app\utils\middleware.py:34]
2025-02-26 21:43:43,738 - app - INFO - Request 1740548623.738016 completed in 0.00s
2025-02-26 21:43:43,741 INFO: Request 1740548623.74001 completed in 0.00s [in C:\Users\ADMIN\AquaAutoManS\backend\app\utils\middleware.py:34]
2025-02-26 21:43:43,741 - app - INFO - Request 1740548623.74001 completed in 0.00s
2025-02-26 21:43:43,745 INFO: Request 1740548623.743002 completed in 0.00s [in C:\Users\ADMIN\AquaAutoManS\backend\app\utils\middleware.py:34]
2025-02-26 21:43:43,745 - app - INFO - Request 1740548623.743002 completed in 0.00s
2025-02-26 21:43:48,446 INFO: Request 1740548623.746991 completed in 4.70s [in C:\Users\ADMIN\AquaAutoManS\backend\app\utils\middleware.py:34]
2025-02-26 21:43:48,446 - app - INFO - Request 1740548623.746991 completed in 4.70s
2025-02-26 21:43:53,247 INFO: Request 1740548628.449853 completed in 4.80s [in C:\Users\ADMIN\AquaAutoManS\backend\app\utils\middleware.py:34]
2025-02-26 21:43:53,247 - app - INFO - Request 1740548628.449853 completed in 4.80s
2025-02-26 21:44:10,628 INFO: Request 1740548633.250809 completed in 17.38s [in C:\Users\ADMIN\AquaAutoManS\backend\app\utils\middleware.py:34]
2025-02-26 21:44:10,628 - app - INFO - Request 1740548633.250809 completed in 17.38s
2025-02-26 21:44:16,077 INFO: Request 1740548650.645627 completed in 5.43s [in C:\Users\ADMIN\AquaAutoManS\backend\app\utils\middleware.py:34]
2025-02-26 21:44:16,077 - app - INFO - Request 1740548650.645627 completed in 5.43s
2025-02-26 21:59:07,499 - app - INFO - Application initialized successfully [in C:\Users\ADMIN\AquaAutoManS\backend\app\__init__.py:107]
2025-02-26 21:59:07,808 - app - INFO - Application startup at 2025-02-26 21:59:07.808763 [in C:\Users\ADMIN\AquaAutoManS\backend\app\utils\custom_logger.py:37]
2025-02-26 21:59:07,808 - app - INFO - Application startup at 2025-02-26 21:59:07.808763
2025-02-26 21:59:10,223 - app - INFO - Application initialized successfully [in C:\Users\ADMIN\AquaAutoManS\backend\app\__init__.py:107]
2025-02-26 21:59:10,551 - app - INFO - Application startup at 2025-02-26 21:59:10.551624 [in C:\Users\ADMIN\AquaAutoManS\backend\app\utils\custom_logger.py:37]
2025-02-26 21:59:10,551 - app - INFO - Application startup at 2025-02-26 21:59:10.551624
2025-02-26 21:59:10,685 - app - INFO - Request 1740549550.683105 completed in 0.00s [in C:\Users\ADMIN\AquaAutoManS\backend\app\utils\middleware.py:34]
2025-02-26 21:59:10,685 - app - INFO - Request 1740549550.683105 completed in 0.00s
2025-02-26 21:59:10,689 - app - INFO - Request 1740549550.688091 completed in 0.00s [in C:\Users\ADMIN\AquaAutoManS\backend\app\utils\middleware.py:34]
2025-02-26 21:59:10,689 - app - INFO - Request 1740549550.688091 completed in 0.00s
2025-02-26 21:59:13,004 - app - INFO - Request 1740549553.002748 completed in 0.00s [in C:\Users\ADMIN\AquaAutoManS\backend\app\utils\middleware.py:34]
2025-02-26 21:59:13,004 - app - INFO - Request 1740549553.002748 completed in 0.00s
2025-02-26 21:59:19,839 - app - INFO - Request 1740549554.423788 completed in 5.42s [in C:\Users\ADMIN\AquaAutoManS\backend\app\utils\middleware.py:34]
2025-02-26 21:59:19,839 - app - INFO - Request 1740549554.423788 completed in 5.42s
2025-02-26 21:59:25,147 - app - INFO - Request 1740549559.842496 completed in 5.31s [in C:\Users\ADMIN\AquaAutoManS\backend\app\utils\middleware.py:34]
2025-02-26 21:59:25,147 - app - INFO - Request 1740549559.842496 completed in 5.31s
2025-02-26 21:59:25,150 - app - INFO - Request 1740549565.149976 completed in 0.00s [in C:\Users\ADMIN\AquaAutoManS\backend\app\utils\middleware.py:34]
2025-02-26 21:59:25,150 - app - INFO - Request 1740549565.149976 completed in 0.00s
2025-02-26 21:59:30,449 - app - INFO - Request 1740549565.15995 completed in 5.29s [in C:\Users\ADMIN\AquaAutoManS\backend\app\utils\middleware.py:34]
2025-02-26 21:59:30,449 - app - INFO - Request 1740549565.15995 completed in 5.29s
2025-02-26 21:59:52,187 - app - INFO - Request 1740549570.45181 completed in 21.74s [in C:\Users\ADMIN\AquaAutoManS\backend\app\utils\middleware.py:34]
2025-02-26 21:59:52,187 - app - INFO - Request 1740549570.45181 completed in 21.74s
2025-02-26 21:59:57,466 - app - INFO - Request 1740549592.20794 completed in 5.26s [in C:\Users\ADMIN\AquaAutoManS\backend\app\utils\middleware.py:34]
2025-02-26 21:59:57,466 - app - INFO - Request 1740549592.20794 completed in 5.26s
2025-02-26 22:00:02,620 - app - INFO - Request 1740549597.46973 completed in 5.15s [in C:\Users\ADMIN\AquaAutoManS\backend\app\utils\middleware.py:34]
2025-02-26 22:00:02,620 - app - INFO - Request 1740549597.46973 completed in 5.15s
2025-02-26 22:00:21,095 - app - INFO - Request 1740549602.622645 completed in 18.47s [in C:\Users\ADMIN\AquaAutoManS\backend\app\utils\middleware.py:34]
2025-02-26 22:00:21,095 - app - INFO - Request 1740549602.622645 completed in 18.47s
2025-02-26 22:00:25,922 - app - INFO - Request 1740549621.103952 completed in 4.82s [in C:\Users\ADMIN\AquaAutoManS\backend\app\utils\middleware.py:34]
2025-02-26 22:00:25,922 - app - INFO - Request 1740549621.103952 completed in 4.82s
2025-02-26 22:00:30,713 - app - INFO - Request 1740549625.925898 completed in 4.79s [in C:\Users\ADMIN\AquaAutoManS\backend\app\utils\middleware.py:34]
2025-02-26 22:00:30,713 - app - INFO - Request 1740549625.925898 completed in 4.79s
2025-02-26 22:00:30,741 - app - INFO - Request 1740549630.715995 completed in 0.03s [in C:\Users\ADMIN\AquaAutoManS\backend\app\utils\middleware.py:34]
2025-02-26 22:00:30,741 - app - INFO - Request 1740549630.715995 completed in 0.03s
2025-02-26 22:00:47,857 - app - INFO - Request 1740549630.751999 completed in 17.11s [in C:\Users\ADMIN\AquaAutoManS\backend\app\utils\middleware.py:34]
2025-02-26 22:00:47,857 - app - INFO - Request 1740549630.751999 completed in 17.11s
2025-02-26 22:00:47,868 - app - INFO - Request 1740549647.86796 completed in 0.00s [in C:\Users\ADMIN\AquaAutoManS\backend\app\utils\middleware.py:34]
2025-02-26 22:00:47,868 - app - INFO - Request 1740549647.86796 completed in 0.00s
2025-02-26 22:01:04,929 - app - INFO - Request 1740549647.870952 completed in 17.06s [in C:\Users\ADMIN\AquaAutoManS\backend\app\utils\middleware.py:34]
2025-02-26 22:01:04,929 - app - INFO - Request 1740549647.870952 completed in 17.06s
2025-02-26 22:01:21,960 - app - INFO - Request 1740549664.938254 completed in 17.02s [in C:\Users\ADMIN\AquaAutoManS\backend\app\utils\middleware.py:34]
2025-02-26 22:01:21,960 - app - INFO - Request 1740549664.938254 completed in 17.02s
2025-02-26 22:01:26,895 - app - INFO - Request 1740549681.9709 completed in 4.92s [in C:\Users\ADMIN\AquaAutoManS\backend\app\utils\middleware.py:34]
2025-02-26 22:01:26,895 - app - INFO - Request 1740549681.9709 completed in 4.92s
2025-02-26 22:01:31,714 - app - INFO - Request 1740549686.898422 completed in 4.82s [in C:\Users\ADMIN\AquaAutoManS\backend\app\utils\middleware.py:34]
2025-02-26 22:01:31,714 - app - INFO - Request 1740549686.898422 completed in 4.82s
2025-02-26 22:01:48,696 - app - INFO - Request 1740549691.717565 completed in 16.98s [in C:\Users\ADMIN\AquaAutoManS\backend\app\utils\middleware.py:34]
2025-02-26 22:01:48,696 - app - INFO - Request 1740549691.717565 completed in 16.98s
2025-02-26 22:01:48,706 - app - INFO - Request 1740549708.706022 completed in 0.00s [in C:\Users\ADMIN\AquaAutoManS\backend\app\utils\middleware.py:34]
2025-02-26 22:01:48,706 - app - INFO - Request 1740549708.706022 completed in 0.00s
2025-02-26 22:01:48,709 - app - INFO - Request 1740549708.709014 completed in 0.00s [in C:\Users\ADMIN\AquaAutoManS\backend\app\utils\middleware.py:34]
2025-02-26 22:01:48,709 - app - INFO - Request 1740549708.709014 completed in 0.00s
2025-02-26 22:01:48,712 - app - INFO - Request 1740549708.711977 completed in 0.00s [in C:\Users\ADMIN\AquaAutoManS\backend\app\utils\middleware.py:34]
2025-02-26 22:01:48,712 - app - INFO - Request 1740549708.711977 completed in 0.00s
2025-02-26 22:01:48,716 - app - INFO - Request 1740549708.715967 completed in 0.00s [in C:\Users\ADMIN\AquaAutoManS\backend\app\utils\middleware.py:34]
2025-02-26 22:01:48,716 - app - INFO - Request 1740549708.715967 completed in 0.00s
2025-02-26 22:01:48,719 - app - INFO - Request 1740549708.718964 completed in 0.00s [in C:\Users\ADMIN\AquaAutoManS\backend\app\utils\middleware.py:34]
2025-02-26 22:01:48,719 - app - INFO - Request 1740549708.718964 completed in 0.00s
2025-02-26 22:02:16,937 - app - INFO - Request 1740549736.936878 completed in 0.00s [in C:\Users\ADMIN\AquaAutoManS\backend\app\utils\middleware.py:34]
2025-02-26 22:02:16,937 - app - INFO - Request 1740549736.936878 completed in 0.00s
2025-02-26 22:03:16,614 - app - INFO - Request 1740549796.613566 completed in 0.00s [in C:\Users\ADMIN\AquaAutoManS\backend\app\utils\middleware.py:34]
2025-02-26 22:03:16,614 - app - INFO - Request 1740549796.613566 completed in 0.00s
2025-02-26 22:04:16,632 - app - INFO - Request 1740549856.627037 completed in 0.00s [in C:\Users\ADMIN\AquaAutoManS\backend\app\utils\middleware.py:34]
2025-02-26 22:04:16,632 - app - INFO - Request 1740549856.627037 completed in 0.00s
2025-02-26 22:05:16,618 - app - INFO - Request 1740549916.617428 completed in 0.00s [in C:\Users\ADMIN\AquaAutoManS\backend\app\utils\middleware.py:34]
2025-02-26 22:05:16,618 - app - INFO - Request 1740549916.617428 completed in 0.00s
2025-02-26 22:06:16,615 - app - INFO - Request 1740549976.614699 completed in 0.00s [in C:\Users\ADMIN\AquaAutoManS\backend\app\utils\middleware.py:34]
2025-02-26 22:06:16,615 - app - INFO - Request 1740549976.614699 completed in 0.00s
2025-02-26 22:07:16,974 - app - INFO - Request 1740550036.973405 completed in 0.00s [in C:\Users\ADMIN\AquaAutoManS\backend\app\utils\middleware.py:34]
2025-02-26 22:07:16,974 - app - INFO - Request 1740550036.973405 completed in 0.00s
2025-02-26 22:08:17,972 - app - INFO - Request 1740550097.971147 completed in 0.00s [in C:\Users\ADMIN\AquaAutoManS\backend\app\utils\middleware.py:34]
2025-02-26 22:08:17,972 - app - INFO - Request 1740550097.971147 completed in 0.00s
2025-02-26 22:09:18,968 - app - INFO - Request 1740550158.967406 completed in 0.00s [in C:\Users\ADMIN\AquaAutoManS\backend\app\utils\middleware.py:34]
2025-02-26 22:09:18,968 - app - INFO - Request 1740550158.967406 completed in 0.00s
2025-02-26 22:10:19,960 - app - INFO - Request 1740550219.959303 completed in 0.00s [in C:\Users\ADMIN\AquaAutoManS\backend\app\utils\middleware.py:34]
2025-02-26 22:10:19,960 - app - INFO - Request 1740550219.959303 completed in 0.00s
2025-02-26 22:11:16,974 - app - INFO - Request 1740550276.972011 completed in 0.00s [in C:\Users\ADMIN\AquaAutoManS\backend\app\utils\middleware.py:34]
2025-02-26 22:11:16,974 - app - INFO - Request 1740550276.972011 completed in 0.00s
